This file contains any messages produced by compilers while
running configure, to aid debugging if configure makes a mistake.

It was created by cgsolver configure 0.1b, which was
generated by GNU Autoconf 2.59.  Invocation command line was

  $ ./configure --with-cat=/home/mbaptist/work/codes/devel/cat

## --------- ##
## Platform. ##
## --------- ##

hostname = slowhand
uname -m = i686
uname -r = 2.6.17-1.2187_FC5
uname -s = Linux
uname -v = #1 Mon Sep 11 01:17:06 EDT 2006

/usr/bin/uname -p = unknown
/bin/uname -X     = unknown

/bin/arch              = i686
/usr/bin/arch -k       = unknown
/usr/convex/getsysinfo = unknown
hostinfo               = unknown
/bin/machine           = unknown
/usr/bin/oslevel       = unknown
/bin/universe          = unknown

PATH: /home/mbaptist/bin
PATH: /opt/intel/idb/9.0/bin
PATH: /opt/intel/cc/9.0/bin
PATH: /opt/intel/fc/9.0/bin
PATH: /home/mbaptist/bin
PATH: /opt/intel/idb/9.0/bin
PATH: /opt/intel/cc/9.0/bin
PATH: /opt/intel/fc/9.0/bin
PATH: /usr/lib/qt-3.3/bin
PATH: /usr/kerberos/bin
PATH: /usr/local/bin
PATH: /usr/bin
PATH: /bin
PATH: /usr/bin
PATH: /usr/games
PATH: /home/mbaptist/codes/cat
PATH: /home/mbaptist/codes/lass
PATH: /home/mbaptist/codes/godess
PATH: /home/mbaptist/codes/goops
PATH: /home/mbaptist/codes/mhdc3dl
PATH: /home/mbaptist/codes/mhdc3dl/utils
PATH: /home/mbaptist/codes/ns3dp
PATH: /home/mbaptist/codes/cat
PATH: /home/mbaptist/codes/lass
PATH: /home/mbaptist/codes/godess
PATH: /home/mbaptist/codes/goops
PATH: /home/mbaptist/codes/mhdc3dl
PATH: /home/mbaptist/codes/mhdc3dl/utils
PATH: /home/mbaptist/codes/ns3dp


## ----------- ##
## Core tests. ##
## ----------- ##

configure:1331: checking for a BSD-compatible install
configure:1386: result: /usr/bin/install -c
configure:1438: checking for ranlib
configure:1454: found /usr/bin/ranlib
configure:1465: result: ranlib
configure:1531: checking for g++
configure:1547: found /usr/bin/g++
configure:1557: result: g++
configure:1573: checking for C++ compiler version
configure:1576: g++ --version </dev/null >&5
g++ (GCC) 4.1.1 20060525 (Red Hat 4.1.1-1)
Copyright (C) 2006 Free Software Foundation, Inc.
This is free software; see the source for copying conditions.  There is NO
warranty; not even for MERCHANTABILITY or FITNESS FOR A PARTICULAR PURPOSE.

configure:1579: $? = 0
configure:1581: g++ -v </dev/null >&5
Using built-in specs.
Target: i386-redhat-linux
Configured with: ../configure --prefix=/usr --mandir=/usr/share/man --infodir=/usr/share/info --enable-shared --enable-threads=posix --enable-checking=release --with-system-zlib --enable-__cxa_atexit --disable-libunwind-exceptions --enable-libgcj-multifile --enable-languages=c,c++,objc,obj-c++,java,fortran,ada --enable-java-awt=gtk --disable-dssi --with-java-home=/usr/lib/jvm/java-1.4.2-gcj-1.4.2.0/jre --with-cpu=generic --host=i386-redhat-linux
Thread model: posix
gcc version 4.1.1 20060525 (Red Hat 4.1.1-1)
configure:1584: $? = 0
configure:1586: g++ -V </dev/null >&5
g++: '-V' option must have argument
configure:1589: $? = 1
configure:1612: checking for C++ compiler default output file name
configure:1615: g++ -O3 -funroll-loops -fexpensive-optimizations  -mtune=opteron -fPIC   conftest.cc  >&5
configure:1618: $? = 0
configure:1664: result: a.out
configure:1669: checking whether the C++ compiler works
configure:1675: ./a.out
configure:1678: $? = 0
configure:1695: result: yes
configure:1702: checking whether we are cross compiling
configure:1704: result: no
configure:1707: checking for suffix of executables
configure:1709: g++ -o conftest -O3 -funroll-loops -fexpensive-optimizations  -mtune=opteron -fPIC   conftest.cc  >&5
configure:1712: $? = 0
configure:1737: result: 
configure:1743: checking for suffix of object files
configure:1764: g++ -c -O3 -funroll-loops -fexpensive-optimizations  -mtune=opteron -fPIC  conftest.cc >&5
configure:1767: $? = 0
configure:1789: result: o
configure:1793: checking whether we are using the GNU C++ compiler
configure:1817: g++ -c -O3 -funroll-loops -fexpensive-optimizations  -mtune=opteron -fPIC  conftest.cc >&5
configure:1823: $? = 0
configure:1827: test -z 
			 || test ! -s conftest.err
configure:1830: $? = 0
configure:1833: test -s conftest.o
configure:1836: $? = 0
configure:1849: result: yes
configure:1855: checking whether g++ accepts -g
configure:1876: g++ -c -g  conftest.cc >&5
configure:1882: $? = 0
configure:1886: test -z 
			 || test ! -s conftest.err
configure:1889: $? = 0
configure:1892: test -s conftest.o
configure:1895: $? = 0
configure:1906: result: yes
configure:1948: g++ -c -O3 -funroll-loops -fexpensive-optimizations  -mtune=opteron -fPIC  conftest.cc >&5
configure:1954: $? = 0
configure:1958: test -z 
			 || test ! -s conftest.err
configure:1961: $? = 0
configure:1964: test -s conftest.o
configure:1967: $? = 0
configure:1993: g++ -c -O3 -funroll-loops -fexpensive-optimizations  -mtune=opteron -fPIC  conftest.cc >&5
conftest.cc: In function 'int main()':
conftest.cc:13: error: 'exit' was not declared in this scope
configure:1999: $? = 1
configure: failed program was:
| /* confdefs.h.  */
| 
| #define PACKAGE_NAME "cgsolver"
| #define PACKAGE_TARNAME "cgsolver"
| #define PACKAGE_VERSION "0.1b"
| #define PACKAGE_STRING "cgsolver 0.1b"
| #define PACKAGE_BUGREPORT "mbaptist@fc.up.pt"
| /* end confdefs.h.  */
| 
| int
| main ()
| {
| exit (42);
|   ;
|   return 0;
| }
configure:1948: g++ -c -O3 -funroll-loops -fexpensive-optimizations  -mtune=opteron -fPIC  conftest.cc >&5
configure:1954: $? = 0
configure:1958: test -z 
			 || test ! -s conftest.err
configure:1961: $? = 0
configure:1964: test -s conftest.o
configure:1967: $? = 0
configure:1993: g++ -c -O3 -funroll-loops -fexpensive-optimizations  -mtune=opteron -fPIC  conftest.cc >&5
configure:1999: $? = 0
configure:2003: test -z 
			 || test ! -s conftest.err
configure:2006: $? = 0
configure:2009: test -s conftest.o
configure:2012: $? = 0
configure:2081: checking for gcc
configure:2097: found /usr/bin/gcc
configure:2107: result: gcc
configure:2351: checking for C compiler version
configure:2354: gcc --version </dev/null >&5
gcc (GCC) 4.1.1 20060525 (Red Hat 4.1.1-1)
Copyright (C) 2006 Free Software Foundation, Inc.
This is free software; see the source for copying conditions.  There is NO
warranty; not even for MERCHANTABILITY or FITNESS FOR A PARTICULAR PURPOSE.

configure:2357: $? = 0
configure:2359: gcc -v </dev/null >&5
Using built-in specs.
Target: i386-redhat-linux
Configured with: ../configure --prefix=/usr --mandir=/usr/share/man --infodir=/usr/share/info --enable-shared --enable-threads=posix --enable-checking=release --with-system-zlib --enable-__cxa_atexit --disable-libunwind-exceptions --enable-libgcj-multifile --enable-languages=c,c++,objc,obj-c++,java,fortran,ada --enable-java-awt=gtk --disable-dssi --with-java-home=/usr/lib/jvm/java-1.4.2-gcj-1.4.2.0/jre --with-cpu=generic --host=i386-redhat-linux
Thread model: posix
gcc version 4.1.1 20060525 (Red Hat 4.1.1-1)
configure:2362: $? = 0
configure:2364: gcc -V </dev/null >&5
gcc: '-V' option must have argument
configure:2367: $? = 1
configure:2370: checking whether we are using the GNU C compiler
configure:2394: gcc -c -O3 -funroll-loops -fexpensive-optimizations  -mtune=opteron -fPIC  conftest.c >&5
configure:2400: $? = 0
configure:2404: test -z 
			 || test ! -s conftest.err
configure:2407: $? = 0
configure:2410: test -s conftest.o
configure:2413: $? = 0
configure:2426: result: yes
configure:2432: checking whether gcc accepts -g
configure:2453: gcc -c -g  conftest.c >&5
configure:2459: $? = 0
configure:2463: test -z 
			 || test ! -s conftest.err
configure:2466: $? = 0
configure:2469: test -s conftest.o
configure:2472: $? = 0
configure:2483: result: yes
configure:2500: checking for gcc option to accept ANSI C
configure:2570: gcc  -c -O3 -funroll-loops -fexpensive-optimizations  -mtune=opteron -fPIC  conftest.c >&5
configure:2576: $? = 0
configure:2580: test -z 
			 || test ! -s conftest.err
configure:2583: $? = 0
configure:2586: test -s conftest.o
configure:2589: $? = 0
configure:2607: result: none needed
configure:2625: gcc -c -O3 -funroll-loops -fexpensive-optimizations  -mtune=opteron -fPIC  conftest.c >&5
conftest.c:2: error: expected '=', ',', ';', 'asm' or '__attribute__' before 'me'
configure:2631: $? = 1
configure: failed program was:
| #ifndef __cplusplus
|   choke me
| #endif
configure:2769: checking how to run the C preprocessor
configure:2804: gcc -E  conftest.c
configure:2810: $? = 0
configure:2842: gcc -E  conftest.c
conftest.c:12:28: error: ac_nonexistent.h: No such file or directory
configure:2848: $? = 1
configure: failed program was:
| /* confdefs.h.  */
| 
| #define PACKAGE_NAME "cgsolver"
| #define PACKAGE_TARNAME "cgsolver"
| #define PACKAGE_VERSION "0.1b"
| #define PACKAGE_STRING "cgsolver 0.1b"
| #define PACKAGE_BUGREPORT "mbaptist@fc.up.pt"
| #ifdef __cplusplus
| extern "C" void std::exit (int) throw (); using std::exit;
| #endif
| /* end confdefs.h.  */
| #include <ac_nonexistent.h>
configure:2887: result: gcc -E
configure:2911: gcc -E  conftest.c
configure:2917: $? = 0
configure:2949: gcc -E  conftest.c
conftest.c:12:28: error: ac_nonexistent.h: No such file or directory
configure:2955: $? = 1
configure: failed program was:
| /* confdefs.h.  */
| 
| #define PACKAGE_NAME "cgsolver"
| #define PACKAGE_TARNAME "cgsolver"
| #define PACKAGE_VERSION "0.1b"
| #define PACKAGE_STRING "cgsolver 0.1b"
| #define PACKAGE_BUGREPORT "mbaptist@fc.up.pt"
| #ifdef __cplusplus
| extern "C" void std::exit (int) throw (); using std::exit;
| #endif
| /* end confdefs.h.  */
| #include <ac_nonexistent.h>
configure:3090: checking for Fortran 77 compiler version
configure:3093: ifort --version </dev/null >&5
ifort (IFORT) 9.0  20050430
Copyright (C) 1985-2005 Intel Corporation.  All rights reserved.

configure:3096: $? = 0
configure:3098: ifort -v </dev/null >&5
Version 9.0 
configure:3101: $? = 0
configure:3103: ifort -V </dev/null >&5
Intel(R) Fortran Compiler for 32-bit applications, Version 9.0    Build 20050430Z Package ID: l_fc_p_9.0.021
Copyright (C) 1985-2005 Intel Corporation.  All rights reserved.
FOR NON-COMMERCIAL USE ONLY

ifort: Command line error: no files specified; for help type "ifort -help"
configure:3106: $? = 1
configure:3114: checking whether we are using the GNU Fortran 77 compiler
configure:3128: ifort -c  conftest.F >&5
fortcom: Error: conftest.F, line 3: Syntax error, found END-OF-STATEMENT when expecting one of: => = . ( : %
       choke me
---------------^
fortcom: Error: conftest.F, line 3: This statement is positioned incorrectly and/or has syntax errors.
       choke me
---------------^
compilation aborted for conftest.F (code 1)
configure:3134: $? = 1
configure: failed program was:
|       program main
| #ifndef __GNUC__
|        choke me
| #endif
| 
|       end
configure:3160: result: no
configure:3166: checking whether ifort accepts -g
configure:3178: ifort -c -g conftest.f >&5
configure:3184: $? = 0
configure:3188: test -z 
			 || test ! -s conftest.err
configure:3191: $? = 0
configure:3194: test -s conftest.o
configure:3197: $? = 0
configure:3209: result: yes
configure:3238: checking for fftw_destroy_plan in -lfftw3
configure:3268: gcc -o conftest -O3 -funroll-loops -fexpensive-optimizations  -mtune=opteron -fPIC   conftest.c -lfftw3   >&5
configure:3274: $? = 0
configure:3278: test -z 
			 || test ! -s conftest.err
configure:3281: $? = 0
configure:3284: test -s conftest
configure:3287: $? = 0
configure:3300: result: yes
configure:3337: checking for an ANSI C-conforming const
configure:3404: gcc -c -O3 -funroll-loops -fexpensive-optimizations  -mtune=opteron -fPIC  conftest.c >&5
configure:3410: $? = 0
configure:3414: test -z 
			 || test ! -s conftest.err
configure:3417: $? = 0
configure:3420: test -s conftest.o
configure:3423: $? = 0
configure:3434: result: yes
configure:3444: checking for inline
configure:3465: gcc -c -O3 -funroll-loops -fexpensive-optimizations  -mtune=opteron -fPIC  conftest.c >&5
configure:3471: $? = 0
configure:3475: test -z 
			 || test ! -s conftest.err
configure:3478: $? = 0
configure:3481: test -s conftest.o
configure:3484: $? = 0
configure:3496: result: inline
configure:3646: creating ./config.status

## ---------------------- ##
## Running config.status. ##
## ---------------------- ##

This file was extended by cgsolver config.status 0.1b, which was
generated by GNU Autoconf 2.59.  Invocation command line was

  CONFIG_FILES    = 
  CONFIG_HEADERS  = 
  CONFIG_LINKS    = 
  CONFIG_COMMANDS = 
  $ ./config.status 

on slowhand

config.status:653: creating Makefile
config.status:653: creating cgsolver/Makefile
config.status:653: creating vzdeigen/Makefile
config.status:653: creating testing/Makefile

## ---------------- ##
## Cache variables. ##
## ---------------- ##

ac_cv_c_compiler_gnu=yes
ac_cv_c_const=yes
ac_cv_c_inline=inline
ac_cv_cxx_compiler_gnu=yes
ac_cv_env_CC_set=
ac_cv_env_CC_value=
ac_cv_env_CFLAGS_set=set
ac_cv_env_CFLAGS_value='-O3 -funroll-loops -fexpensive-optimizations  -mtune=opteron -fPIC'
ac_cv_env_CPPFLAGS_set=
ac_cv_env_CPPFLAGS_value=
ac_cv_env_CPP_set=
ac_cv_env_CPP_value=
ac_cv_env_CXXFLAGS_set=set
ac_cv_env_CXXFLAGS_value='-O3 -funroll-loops -fexpensive-optimizations  -mtune=opteron -fPIC'
ac_cv_env_CXX_set=
ac_cv_env_CXX_value=
ac_cv_env_F77_set=set
ac_cv_env_F77_value=ifort
ac_cv_env_FFLAGS_set=
ac_cv_env_FFLAGS_value=
ac_cv_env_LDFLAGS_set=
ac_cv_env_LDFLAGS_value=
ac_cv_env_build_alias_set=
ac_cv_env_build_alias_value=
ac_cv_env_host_alias_set=
ac_cv_env_host_alias_value=
ac_cv_env_target_alias_set=
ac_cv_env_target_alias_value=
ac_cv_exeext=
ac_cv_f77_compiler_gnu=no
ac_cv_lib_fftw3_fftw_destroy_plan=yes
ac_cv_objext=o
ac_cv_path_install='/usr/bin/install -c'
ac_cv_prog_CPP='gcc -E'
ac_cv_prog_ac_ct_CC=gcc
ac_cv_prog_ac_ct_CXX=g++
ac_cv_prog_ac_ct_RANLIB=ranlib
ac_cv_prog_cc_g=yes
ac_cv_prog_cc_stdc=
ac_cv_prog_cxx_g=yes
ac_cv_prog_f77_g=yes

## ----------------- ##
## Output variables. ##
## ----------------- ##

CAT_CFLAGS='-I/home/mbaptist/work/codes/devel/cat/include'
CAT_PREFIX='/home/mbaptist/work/codes/devel/cat'
CC='gcc'
CFLAGS='-O3 -funroll-loops -fexpensive-optimizations  -mtune=opteron -fPIC'
CPP='gcc -E'
CPPFLAGS=''
CXX='g++'
CXXFLAGS='-O3 -funroll-loops -fexpensive-optimizations  -mtune=opteron -fPIC'
DEFS='-DPACKAGE_NAME=\"cgsolver\" -DPACKAGE_TARNAME=\"cgsolver\" -DPACKAGE_VERSION=\"0.1b\" -DPACKAGE_STRING=\"cgsolver\ 0.1b\" -DPACKAGE_BUGREPORT=\"mbaptist@fc.up.pt\" -DHAVE_LIBFFTW3=1 '
ECHO_C=''
ECHO_N='-n'
ECHO_T=''
EXEEXT=''
F77='ifort'
FFLAGS='-g'
INSTALL_DATA='${INSTALL} -m 644'
INSTALL_PROGRAM='${INSTALL}'
INSTALL_SCRIPT='${INSTALL}'
LDFLAGS=''
LIBOBJS=''
LIBS='-lfftw3 '
LTLIBOBJS=''
OBJEXT='o'
PACKAGE_BUGREPORT='mbaptist@fc.up.pt'
PACKAGE_NAME='cgsolver'
PACKAGE_STRING='cgsolver 0.1b'
PACKAGE_TARNAME='cgsolver'
PACKAGE_VERSION='0.1b'
PATH_SEPARATOR=':'
RANLIB='ranlib'
SHELL='/bin/sh'
ac_ct_CC='gcc'
ac_ct_CXX='g++'
ac_ct_F77=''
ac_ct_RANLIB='ranlib'
bindir='${exec_prefix}/bin'
build_alias=''
datadir='${prefix}/share'
exec_prefix='${prefix}'
host_alias=''
includedir='${prefix}/include'
infodir='${prefix}/info'
libdir='${exec_prefix}/lib'
libexecdir='${exec_prefix}/libexec'
localstatedir='${prefix}/var'
mandir='${prefix}/man'
oldincludedir='/usr/include'
prefix='/usr/local'
program_transform_name='s,x,x,'
sbindir='${exec_prefix}/sbin'
sharedstatedir='${prefix}/com'
sysconfdir='${prefix}/etc'
target_alias=''

## ----------- ##
## confdefs.h. ##
## ----------- ##

#define HAVE_LIBFFTW3 1
#define PACKAGE_BUGREPORT "mbaptist@fc.up.pt"
#define PACKAGE_NAME "cgsolver"
#define PACKAGE_STRING "cgsolver 0.1b"
#define PACKAGE_TARNAME "cgsolver"
#define PACKAGE_VERSION "0.1b"
#endif
#ifdef __cplusplus
extern "C" void std::exit (int) throw (); using std::exit;

configure: exit 0
